<?xml version="1.0" encoding="UTF-8"?>
<testsuite xmlns:xsi="http://www.w3.org/2001/XMLSchema-instance" xsi:noNamespaceSchemaLocation="https://maven.apache.org/surefire/maven-surefire-plugin/xsd/surefire-test-report.xsd" name="com.zjt.AppTest" time="0.002" tests="0" errors="0" skipped="0" failures="0">
  <properties>
    <property name="sun.desktop" value="windows"/>
    <property name="awt.toolkit" value="sun.awt.windows.WToolkit"/>
    <property name="file.encoding.pkg" value="sun.io"/>
    <property name="java.specification.version" value="1.8"/>
    <property name="sun.cpu.isalist" value="amd64"/>
    <property name="sun.jnu.encoding" value="GBK"/>
    <property name="java.class.path" value="D:\IDEAWorkSpace\myg\myg-product-dao-service\target\test-classes;D:\IDEAWorkSpace\myg\myg-product-dao-service\target\classes;D:\PackageOfuser\Maven\Maven-Repository\com\alibaba\fastjson\1.2.29\fastjson-1.2.29.jar;D:\PackageOfuser\Maven\Maven-Repository\com\zjt\myg-common\1.0-SNAPSHOT\myg-common-1.0-SNAPSHOT.jar;D:\PackageOfuser\Maven\Maven-Repository\mysql\mysql-connector-java\8.0.15\mysql-connector-java-8.0.15.jar;D:\PackageOfuser\Maven\Maven-Repository\com\google\protobuf\protobuf-java\3.6.1\protobuf-java-3.6.1.jar;D:\PackageOfuser\Maven\Maven-Repository\org\mybatis\mybatis\3.2.8\mybatis-3.2.8.jar;D:\PackageOfuser\Maven\Maven-Repository\org\mybatis\mybatis-spring\1.2.2\mybatis-spring-1.2.2.jar;D:\PackageOfuser\Maven\Maven-Repository\com\alibaba\druid\1.0.29\druid-1.0.29.jar;C:\Program Files\Java\jdk1.8.0_171\jre\..\lib\jconsole.jar;C:\Program Files\Java\jdk1.8.0_171\jre\..\lib\tools.jar;D:\PackageOfuser\Maven\Maven-Repository\org\springframework\spring-context-support\4.3.6.RELEASE\spring-context-support-4.3.6.RELEASE.jar;D:\PackageOfuser\Maven\Maven-Repository\org\springframework\spring-aop\4.3.6.RELEASE\spring-aop-4.3.6.RELEASE.jar;D:\PackageOfuser\Maven\Maven-Repository\org\springframework\spring-aspects\4.3.6.RELEASE\spring-aspects-4.3.6.RELEASE.jar;D:\PackageOfuser\Maven\Maven-Repository\org\aspectj\aspectjweaver\1.9.4\aspectjweaver-1.9.4.jar;D:\PackageOfuser\Maven\Maven-Repository\org\springframework\spring-context\4.3.6.RELEASE\spring-context-4.3.6.RELEASE.jar;D:\PackageOfuser\Maven\Maven-Repository\org\springframework\spring-expression\4.3.6.RELEASE\spring-expression-4.3.6.RELEASE.jar;D:\PackageOfuser\Maven\Maven-Repository\org\springframework\spring-orm\4.3.6.RELEASE\spring-orm-4.3.6.RELEASE.jar;D:\PackageOfuser\Maven\Maven-Repository\org\springframework\spring-tx\4.3.6.RELEASE\spring-tx-4.3.6.RELEASE.jar;D:\PackageOfuser\Maven\Maven-Repository\org\springframework\spring-core\4.3.6.RELEASE\spring-core-4.3.6.RELEASE.jar;D:\PackageOfuser\Maven\Maven-Repository\commons-logging\commons-logging\1.2\commons-logging-1.2.jar;D:\PackageOfuser\Maven\Maven-Repository\org\springframework\spring-jdbc\4.3.6.RELEASE\spring-jdbc-4.3.6.RELEASE.jar;D:\PackageOfuser\Maven\Maven-Repository\org\springframework\spring-beans\4.3.6.RELEASE\spring-beans-4.3.6.RELEASE.jar;D:\PackageOfuser\Maven\Maven-Repository\log4j\log4j\1.2.17\log4j-1.2.17.jar;D:\PackageOfuser\Maven\Maven-Repository\com\baomidou\mybatis-plus\3.2.0\mybatis-plus-3.2.0.jar;D:\PackageOfuser\Maven\Maven-Repository\com\baomidou\mybatis-plus-extension\3.2.0\mybatis-plus-extension-3.2.0.jar;D:\PackageOfuser\Maven\Maven-Repository\com\baomidou\mybatis-plus-core\3.2.0\mybatis-plus-core-3.2.0.jar;D:\PackageOfuser\Maven\Maven-Repository\com\baomidou\mybatis-plus-annotation\3.2.0\mybatis-plus-annotation-3.2.0.jar;D:\PackageOfuser\Maven\Maven-Repository\com\github\jsqlparser\jsqlparser\2.1\jsqlparser-2.1.jar;D:\PackageOfuser\Maven\Maven-Repository\com\ibeetl\beetl\3.0.11.RELEASE\beetl-3.0.11.RELEASE.jar;D:\PackageOfuser\Maven\Maven-Repository\org\antlr\antlr4-runtime\4.7.2\antlr4-runtime-4.7.2.jar;D:\PackageOfuser\Maven\Maven-Repository\org\ow2\asm\asm\5.2\asm-5.2.jar;D:\PackageOfuser\Maven\Maven-Repository\org\ow2\asm\asm-commons\5.2\asm-commons-5.2.jar;D:\PackageOfuser\Maven\Maven-Repository\org\ow2\asm\asm-tree\5.2\asm-tree-5.2.jar;D:\PackageOfuser\Maven\Maven-Repository\org\freemarker\freemarker\2.3.23\freemarker-2.3.23.jar;D:\PackageOfuser\Maven\Maven-Repository\org\apache\velocity\velocity-engine-core\2.1\velocity-engine-core-2.1.jar;D:\PackageOfuser\Maven\Maven-Repository\org\apache\commons\commons-lang3\3.4\commons-lang3-3.4.jar;D:\PackageOfuser\Maven\Maven-Repository\org\projectlombok\lombok\1.16.8\lombok-1.16.8.jar;D:\PackageOfuser\Maven\Maven-Repository\com\baomidou\mybatis-plus-generator\3.2.0\mybatis-plus-generator-3.2.0.jar;D:\PackageOfuser\Maven\Maven-Repository\org\slf4j\slf4j-api\1.7.21\slf4j-api-1.7.21.jar;D:\PackageOfuser\Maven\Maven-Repository\org\slf4j\slf4j-log4j12\1.7.21\slf4j-log4j12-1.7.21.jar;"/>
    <property name="java.vm.vendor" value="Oracle Corporation"/>
    <property name="sun.arch.data.model" value="64"/>
    <property name="user.variant" value=""/>
    <property name="java.vendor.url" value="http://java.oracle.com/"/>
    <property name="user.timezone" value="Asia/Shanghai"/>
    <property name="java.vm.specification.version" value="1.8"/>
    <property name="os.name" value="Windows 10"/>
    <property name="user.country" value="CN"/>
    <property name="sun.java.launcher" value="SUN_STANDARD"/>
    <property name="sun.boot.library.path" value="C:\Program Files\Java\jdk1.8.0_171\jre\bin"/>
    <property name="sun.java.command" value="C:\Users\yangrui\AppData\Local\Temp\surefire3458352246681781366\surefirebooter1608089597168688534.jar C:\Users\yangrui\AppData\Local\Temp\surefire3458352246681781366 2019-08-30T22-23-08_346-jvmRun1 surefire6260121663214571404tmp surefire_02116833248559449000tmp"/>
    <property name="surefire.test.class.path" value="D:\IDEAWorkSpace\myg\myg-product-dao-service\target\test-classes;D:\IDEAWorkSpace\myg\myg-product-dao-service\target\classes;D:\PackageOfuser\Maven\Maven-Repository\com\alibaba\fastjson\1.2.29\fastjson-1.2.29.jar;D:\PackageOfuser\Maven\Maven-Repository\com\zjt\myg-common\1.0-SNAPSHOT\myg-common-1.0-SNAPSHOT.jar;D:\PackageOfuser\Maven\Maven-Repository\mysql\mysql-connector-java\8.0.15\mysql-connector-java-8.0.15.jar;D:\PackageOfuser\Maven\Maven-Repository\com\google\protobuf\protobuf-java\3.6.1\protobuf-java-3.6.1.jar;D:\PackageOfuser\Maven\Maven-Repository\org\mybatis\mybatis\3.2.8\mybatis-3.2.8.jar;D:\PackageOfuser\Maven\Maven-Repository\org\mybatis\mybatis-spring\1.2.2\mybatis-spring-1.2.2.jar;D:\PackageOfuser\Maven\Maven-Repository\com\alibaba\druid\1.0.29\druid-1.0.29.jar;C:\Program Files\Java\jdk1.8.0_171\jre\..\lib\jconsole.jar;C:\Program Files\Java\jdk1.8.0_171\jre\..\lib\tools.jar;D:\PackageOfuser\Maven\Maven-Repository\org\springframework\spring-context-support\4.3.6.RELEASE\spring-context-support-4.3.6.RELEASE.jar;D:\PackageOfuser\Maven\Maven-Repository\org\springframework\spring-aop\4.3.6.RELEASE\spring-aop-4.3.6.RELEASE.jar;D:\PackageOfuser\Maven\Maven-Repository\org\springframework\spring-aspects\4.3.6.RELEASE\spring-aspects-4.3.6.RELEASE.jar;D:\PackageOfuser\Maven\Maven-Repository\org\aspectj\aspectjweaver\1.9.4\aspectjweaver-1.9.4.jar;D:\PackageOfuser\Maven\Maven-Repository\org\springframework\spring-context\4.3.6.RELEASE\spring-context-4.3.6.RELEASE.jar;D:\PackageOfuser\Maven\Maven-Repository\org\springframework\spring-expression\4.3.6.RELEASE\spring-expression-4.3.6.RELEASE.jar;D:\PackageOfuser\Maven\Maven-Repository\org\springframework\spring-orm\4.3.6.RELEASE\spring-orm-4.3.6.RELEASE.jar;D:\PackageOfuser\Maven\Maven-Repository\org\springframework\spring-tx\4.3.6.RELEASE\spring-tx-4.3.6.RELEASE.jar;D:\PackageOfuser\Maven\Maven-Repository\org\springframework\spring-core\4.3.6.RELEASE\spring-core-4.3.6.RELEASE.jar;D:\PackageOfuser\Maven\Maven-Repository\commons-logging\commons-logging\1.2\commons-logging-1.2.jar;D:\PackageOfuser\Maven\Maven-Repository\org\springframework\spring-jdbc\4.3.6.RELEASE\spring-jdbc-4.3.6.RELEASE.jar;D:\PackageOfuser\Maven\Maven-Repository\org\springframework\spring-beans\4.3.6.RELEASE\spring-beans-4.3.6.RELEASE.jar;D:\PackageOfuser\Maven\Maven-Repository\log4j\log4j\1.2.17\log4j-1.2.17.jar;D:\PackageOfuser\Maven\Maven-Repository\com\baomidou\mybatis-plus\3.2.0\mybatis-plus-3.2.0.jar;D:\PackageOfuser\Maven\Maven-Repository\com\baomidou\mybatis-plus-extension\3.2.0\mybatis-plus-extension-3.2.0.jar;D:\PackageOfuser\Maven\Maven-Repository\com\baomidou\mybatis-plus-core\3.2.0\mybatis-plus-core-3.2.0.jar;D:\PackageOfuser\Maven\Maven-Repository\com\baomidou\mybatis-plus-annotation\3.2.0\mybatis-plus-annotation-3.2.0.jar;D:\PackageOfuser\Maven\Maven-Repository\com\github\jsqlparser\jsqlparser\2.1\jsqlparser-2.1.jar;D:\PackageOfuser\Maven\Maven-Repository\com\ibeetl\beetl\3.0.11.RELEASE\beetl-3.0.11.RELEASE.jar;D:\PackageOfuser\Maven\Maven-Repository\org\antlr\antlr4-runtime\4.7.2\antlr4-runtime-4.7.2.jar;D:\PackageOfuser\Maven\Maven-Repository\org\ow2\asm\asm\5.2\asm-5.2.jar;D:\PackageOfuser\Maven\Maven-Repository\org\ow2\asm\asm-commons\5.2\asm-commons-5.2.jar;D:\PackageOfuser\Maven\Maven-Repository\org\ow2\asm\asm-tree\5.2\asm-tree-5.2.jar;D:\PackageOfuser\Maven\Maven-Repository\org\freemarker\freemarker\2.3.23\freemarker-2.3.23.jar;D:\PackageOfuser\Maven\Maven-Repository\org\apache\velocity\velocity-engine-core\2.1\velocity-engine-core-2.1.jar;D:\PackageOfuser\Maven\Maven-Repository\org\apache\commons\commons-lang3\3.4\commons-lang3-3.4.jar;D:\PackageOfuser\Maven\Maven-Repository\org\projectlombok\lombok\1.16.8\lombok-1.16.8.jar;D:\PackageOfuser\Maven\Maven-Repository\com\baomidou\mybatis-plus-generator\3.2.0\mybatis-plus-generator-3.2.0.jar;D:\PackageOfuser\Maven\Maven-Repository\org\slf4j\slf4j-api\1.7.21\slf4j-api-1.7.21.jar;D:\PackageOfuser\Maven\Maven-Repository\org\slf4j\slf4j-log4j12\1.7.21\slf4j-log4j12-1.7.21.jar;"/>
    <property name="sun.cpu.endian" value="little"/>
    <property name="user.home" value="C:\Users\yangrui"/>
    <property name="user.language" value="zh"/>
    <property name="java.specification.vendor" value="Oracle Corporation"/>
    <property name="java.home" value="C:\Program Files\Java\jdk1.8.0_171\jre"/>
    <property name="basedir" value="D:\IDEAWorkSpace\myg\myg-product-dao-service"/>
    <property name="file.separator" value="\"/>
    <property name="line.separator" value="&#10;"/>
    <property name="java.vm.specification.vendor" value="Oracle Corporation"/>
    <property name="java.specification.name" value="Java Platform API Specification"/>
    <property name="java.awt.graphicsenv" value="sun.awt.Win32GraphicsEnvironment"/>
    <property name="surefire.real.class.path" value="C:\Users\yangrui\AppData\Local\Temp\surefire3458352246681781366\surefirebooter1608089597168688534.jar"/>
    <property name="sun.boot.class.path" value="C:\Program Files\Java\jdk1.8.0_171\jre\lib\resources.jar;C:\Program Files\Java\jdk1.8.0_171\jre\lib\rt.jar;C:\Program Files\Java\jdk1.8.0_171\jre\lib\sunrsasign.jar;C:\Program Files\Java\jdk1.8.0_171\jre\lib\jsse.jar;C:\Program Files\Java\jdk1.8.0_171\jre\lib\jce.jar;C:\Program Files\Java\jdk1.8.0_171\jre\lib\charsets.jar;C:\Program Files\Java\jdk1.8.0_171\jre\lib\jfr.jar;C:\Program Files\Java\jdk1.8.0_171\jre\classes"/>
    <property name="user.script" value=""/>
    <property name="sun.management.compiler" value="HotSpot 64-Bit Tiered Compilers"/>
    <property name="java.runtime.version" value="1.8.0_171-b11"/>
    <property name="user.name" value="yangrui"/>
    <property name="path.separator" value=";"/>
    <property name="os.version" value="10.0"/>
    <property name="java.endorsed.dirs" value="C:\Program Files\Java\jdk1.8.0_171\jre\lib\endorsed"/>
    <property name="java.runtime.name" value="Java(TM) SE Runtime Environment"/>
    <property name="file.encoding" value="GBK"/>
    <property name="java.vm.name" value="Java HotSpot(TM) 64-Bit Server VM"/>
    <property name="localRepository" value="D:\PackageOfuser\Maven\Maven-Repository"/>
    <property name="java.vendor.url.bug" value="http://bugreport.sun.com/bugreport/"/>
    <property name="java.io.tmpdir" value="C:\Users\yangrui\AppData\Local\Temp\"/>
    <property name="java.version" value="1.8.0_171"/>
    <property name="user.dir" value="D:\IDEAWorkSpace\myg\myg-product-dao-service"/>
    <property name="os.arch" value="amd64"/>
    <property name="java.vm.specification.name" value="Java Virtual Machine Specification"/>
    <property name="java.awt.printerjob" value="sun.awt.windows.WPrinterJob"/>
    <property name="sun.os.patch.level" value=""/>
    <property name="idea.version2019.1" value="true"/>
    <property name="java.library.path" value="C:\Program Files\Java\jdk1.8.0_171\jre\bin;C:\WINDOWS\Sun\Java\bin;C:\WINDOWS\system32;C:\WINDOWS;E:\Tools\Xftp\;E:\Tools\XShell\;C:\Program Files (x86)\Common Files\Oracle\Java\javapath;C:\ProgramData\Oracle\Java\javapath;C:\Program Files (x86)\Intel\iCLS Client\;C:\Program Files\Intel\iCLS Client\;C:\Windows\system32;C:\Windows;C:\Program Files\Java\jdk1.8.0_171\bin;C:\Windows\System32\Wbem;C:\Windows\System32\WindowsPowerShell\v1.0\;C:\Program Files (x86)\NVIDIA Corporation\PhysX\Common;C:\Program Files (x86)\Intel\Intel(R) Management Engine Components\DAL;C:\Program Files\Intel\Intel(R) Management Engine Components\DAL;C:\Program Files (x86)\Intel\Intel(R) Management Engine Components\IPT;C:\Program Files\Intel\Intel(R) Management Engine Components\IPT;C:\Program Files\Intel\WiFi\bin\;C:\Program Files\Common Files\Intel\WirelessCommon\;C:\Program Files\MySQL\MySQL Server 5.7\bin;C:\WINDOWS\system32;C:\WINDOWS;C:\WINDOWS\System32\Wbem;C:\WINDOWS\System32\WindowsPowerShell\v1.0\;C:\Program Files\Java\jdk1.8.0_171\jar-10\bin;D:\PackageOfuser\Maven\apache-maven-3.5.4\bin;C:\WINDOWS\System32\OpenSSH\;D:\PackageOfuser\Python36;D:\PackageOfuser\Python36\Scripts;D:\PackageOfuser\MogoDB\bin;E:\Program Files\TortoiseSVN\bin;D:\PackageOfuser\Git\cmd;D:\PackageOfuser\Python\Scripts\;D:\PackageOfuser\Python\;C:\Users\yangrui\AppData\Local\Microsoft\WindowsApps;D:\Eclipse\IntelliJ IDEA 2018.3.2\bin;C:\Users\yangrui\AppData\Local\GitHubDesktop\bin;C:\Program Files\Bandizip\;D:\PackageOfuser\Docker\Docker Toolbox;;."/>
    <property name="java.vm.info" value="mixed mode"/>
    <property name="java.vendor" value="Oracle Corporation"/>
    <property name="java.vm.version" value="25.171-b11"/>
    <property name="java.ext.dirs" value="C:\Program Files\Java\jdk1.8.0_171\jre\lib\ext;C:\WINDOWS\Sun\Java\lib\ext"/>
    <property name="sun.io.unicode.encoding" value="UnicodeLittle"/>
    <property name="java.class.version" value="52.0"/>
  </properties>
</testsuite>